<?xml version="1.0" encoding="UTF-8"?>
<testsuite xmlns:xsi="http://www.w3.org/2001/XMLSchema-instance" xsi:noNamespaceSchemaLocation="https://maven.apache.org/surefire/maven-surefire-plugin/xsd/surefire-test-report.xsd" name="com.dhcc.zpc.rocketmq.producer.MQProducerManagerTest" time="1.328" tests="1" errors="1" skipped="0" failures="0">
  <properties>
[...]
</properties>
  <testcase name="produceTest" classname="com.dhcc.zpc.rocketmq.producer.MQProducerManagerTest" time="0.953">
    <error type="java.lang.NullPointerException">java.lang.NullPointerException
	at com.dhcc.zpc.rocketmq.producer.MQProducerManagerTest.produceTest(MQProducerManagerTest.java:41)
</error>
    <system-out><![CDATA[18:43:21.250 [main] DEBUG com.dhcc.zpc.rocketmq.producer.MQProducerManagerTest - 消息生产成功
]]></system-out>
  </testcase>
</testsuite>